<?xml version="1.0" encoding="UTF-8"?>
<testsuite xmlns:xsi="http://www.w3.org/2001/XMLSchema-instance" xsi:noNamespaceSchemaLocation="https://maven.apache.org/surefire/maven-surefire-plugin/xsd/surefire-test-report-3.0.xsd" version="3.0" name="AwesomePasswordChecker.AppTest" time="0.151" tests="10" errors="0" skipped="0" failures="0">
  <properties>
[...]
</properties>
  <testcase name="testGetDistanceWithEmptyPassword" classname="AwesomePasswordChecker.AppTest" time="0.074"/>
  <testcase name="shouldReturnHelloWorldMessage" classname="AwesomePasswordChecker.AppTest" time="0.007"/>
  <testcase name="testComputeMD5" classname="AwesomePasswordChecker.AppTest" time="0.002"/>
  <testcase name="testGetDistanceWithLongPassword" classname="AwesomePasswordChecker.AppTest" time="0.004"/>
  <testcase name="testGetDistanceWithShortPassword" classname="AwesomePasswordChecker.AppTest" time="0.003"/>
  <testcase name="testGetInstanceWithInvalidFile" classname="AwesomePasswordChecker.AppTest" time="0.006"/>
  <testcase name="testGetInstanceWithDefaultResource" classname="AwesomePasswordChecker.AppTest" time="0.003"/>
  <testcase name="testGetDistance" classname="AwesomePasswordChecker.AppTest" time="0.002"/>
  <testcase name="testGetInstance" classname="AwesomePasswordChecker.AppTest" time="0.003"/>
  <testcase name="testGetInstanceWithInputStream" classname="AwesomePasswordChecker.AppTest" time="0.006"/>
</testsuite>